<?xml version="1.0" encoding="UTF-8"?>
<!-- Generated by org.testng.reporters.JUnitReportReporter -->
<testsuite skipped="0" hostname="LAPTOP-L6CEFVU5" name="com.mt.testcases.RegisterTest" tests="1" failures="0" timestamp="26 Aug 2020 18:45:13 GMT" time="129.864" errors="0">
  <testcase name="register" time="129.864" classname="com.mt.testcases.RegisterTest"/>
</testsuite> <!-- com.mt.testcases.RegisterTest -->
